Vivado Simulator v2022.2
Copyright 1986-1999, 2001-2022 Xilinx, Inc. All Rights Reserved.
Running: C:/Xilinx/Vivado/2022.2/bin/unwrapped/win64.o/xelab.exe --incr --debug typical --relax --mt 2 -L xil_defaultlib -L secureip --snapshot Voltimetro_behav xil_defaultlib.Voltimetro -log elaborate.log 
Using 2 slave threads.
Starting static elaboration
Completed static elaboration
Starting simulation data flow analysis
Completed simulation data flow analysis
Time Resolution for simulation is 1ps
Compiling package std.standard
Compiling architecture ffd_arc of entity xil_defaultlib.ffd [ffd_default]
Compiling architecture cont_bin_gen_arq of entity xil_defaultlib.cont_bin_gen [\cont_bin_gen(n=2)\]
Compiling architecture cont_bin_gen_arq of entity xil_defaultlib.cont_bin_gen [\cont_bin_gen(n=22)\]
Compiling architecture c33k_arq of entity xil_defaultlib.c33k [c33k_default]
Compiling architecture contador_bcd_arq of entity xil_defaultlib.BCD_counter [bcd_counter_default]
Compiling architecture cones_arq of entity xil_defaultlib.cOnes [cones_default]
Compiling architecture registro_arq of entity xil_defaultlib.registro [registro_default]
Compiling architecture reg_nb_arq of entity xil_defaultlib.reg_Nb [reg_nb_default]
Compiling architecture mux_arq of entity xil_defaultlib.mux [mux_default]
Compiling architecture rom_arq of entity xil_defaultlib.rom [rom_default]
Compiling architecture cont_bin_gen_arq of entity xil_defaultlib.cont_bin_gen [\cont_bin_gen(n=10)\]
Compiling architecture comp_nb_arq of entity xil_defaultlib.comp_Nb [comp_nb_default]
Compiling architecture hsync_arq of entity xil_defaultlib.hsync [hsync_default]
Compiling architecture vsync_arq of entity xil_defaultlib.vsync [vsync_default]
Compiling architecture mux_color_arq of entity xil_defaultlib.mux_color [mux_color_default]
Compiling architecture mux_selector_arq of entity xil_defaultlib.mux_selector [mux_selector_default]
Compiling architecture rtl of entity xil_defaultlib.vga_controller [vga_controller_default]
Compiling architecture volti_arq of entity xil_defaultlib.voltimetro
Built simulation snapshot Voltimetro_behav
